
Freescale HC12-Assembler 
(c) Copyright Freescale 1987-2015

 Abs. Rel.   Loc    Obj. code   Source line
 ---- ----   ------ ---------   -----------
    1    1                      ;eltd13_01d.asm
    2    2                      
    3    3                      ;3) Amplie o programa usando a diretiva DS. Assemblar
    4    4                      ;o programa e analisar o arquivo *.LST
    5    5                      
    6    6          0000 000C   at1     equ     $c
    7    7                      
    8    8                              org     $1000            ;base hexadecimal
    9    9  a001000 656C 7464           dc.b    "eltd13"         ;base decimal
             001004 3133       
   10   10                              org     2000    
   11   11  a0007D0 6D65 6E73   mes1    dc.b    "mensagem 1"
             0007D4 6167 656D  
             0007D8 2031       
   12   12  a0007DA 7465 7374   mes2    dc.b    "teste 2"
             0007DE 6520 32    
   13   13                      ;
   14   14                              org     $1200
   15   15  a001200 1622 12     c1      dc.b    22,$22,@22             ;byte     $ = hexadecimal, @ = octal
   16   16  a001203 00F5 0237   c2      dc.w    245,567,55678,$4cd3                     ;duplo byte
             001207 D97E 4CD3  
   17   17                      
   18   18  a00120B EECC 77     c3      dc.b    $ee,$cc,$77
   19   19  a00120E 0C          c4      dc.b    at1
   20   20  a00120F             res1    ds.b    3       ;
   21   21  a001212 BB          c5      dc.b    $bb
   22   22  a001213             res2    ds.b    $c
   23   23  a00121F 6669 6D     c6      dc.b    "fim"
   24   24                      
