
Freescale HC12-Assembler 
(c) Copyright Freescale 1987-2015

 Abs. Rel.   Loc    Obj. code   Source line
 ---- ----   ------ ---------   -----------
    1    1                      ;eltd13_01b.asm
    2    2                      ;2) Amplie o programa esando a diretiva DC. Para valores
    3    3                      ;constantes (byte, duplo byte, ect). Assemblar o programa 
    4    4                      ;e analisar o arquivo *.LST  
    5    5                      
    6    6                      
    7    7                              org     $1000            ;base hexadecimal
    8    8  a001000 656C 7464           dc.b    "eltd13"         ;base decimal
             001004 3133       
    9    9                              org     2000    
   10   10  a0007D0 6D65 6E73   mes1    dc.b    "mensagem 1"
             0007D4 6167 656D  
             0007D8 2031       
   11   11  a0007DA 7465 7374   mes2    dc.b    "teste 2"
             0007DE 6520 32    
   12   12                      ;
   13   13                              org     $1200
   14   14  a001200 1622 12     c1      dc.b    22,$22,@22       ;byte
   15   15  a001203 00F5 0237   c2      dc.w    245,567,55678,$4cd3                     ;duplo byte
             001207 D97E 4CD3  
